{"/home/han/Documents/postgraphile-connection-filter-polymorphic/__tests__/helpers.js": {"path":"/home/han/Documents/postgraphile-connection-filter-polymorphic/__tests__/helpers.js","statementMap":{"0":{"start":{"line":1,"column":11},"end":{"line":1,"column":24}},"1":{"start":{"line":2,"column":21},"end":{"line":2,"column":34}},"2":{"start":{"line":3,"column":27},"end":{"line":3,"column":58}},"3":{"start":{"line":6,"column":0},"end":{"line":6,"column":27}},"4":{"start":{"line":9,"column":2},"end":{"line":14,"column":5}},"5":{"start":{"line":10,"column":4},"end":{"line":13,"column":7}},"6":{"start":{"line":11,"column":6},"end":{"line":12,"column":24}},"7":{"start":{"line":11,"column":15},"end":{"line":11,"column":27}},"8":{"start":{"line":12,"column":11},"end":{"line":12,"column":24}},"9":{"start":{"line":17,"column":21},"end":{"line":43,"column":1}},"10":{"start":{"line":18,"column":2},"end":{"line":21,"column":3}},"11":{"start":{"line":19,"column":4},"end":{"line":19,"column":13}},"12":{"start":{"line":20,"column":4},"end":{"line":20,"column":40}},"13":{"start":{"line":23,"column":17},"end":{"line":23,"column":59}},"14":{"start":{"line":25,"column":2},"end":{"line":42,"column":3}},"15":{"start":{"line":26,"column":4},"end":{"line":26,"column":36}},"16":{"start":{"line":28,"column":4},"end":{"line":28,"column":32}},"17":{"start":{"line":29,"column":4},"end":{"line":29,"column":57}},"18":{"start":{"line":31,"column":19},"end":{"line":31,"column":35}},"19":{"start":{"line":33,"column":4},"end":{"line":33,"column":35}},"20":{"start":{"line":34,"column":4},"end":{"line":34,"column":18}},"21":{"start":{"line":36,"column":4},"end":{"line":40,"column":5}},"22":{"start":{"line":37,"column":6},"end":{"line":37,"column":29}},"23":{"start":{"line":39,"column":6},"end":{"line":39,"column":51}},"24":{"start":{"line":41,"column":4},"end":{"line":41,"column":23}},"25":{"start":{"line":45,"column":22},"end":{"line":54,"column":1}},"26":{"start":{"line":46,"column":2},"end":{"line":53,"column":5}},"27":{"start":{"line":47,"column":4},"end":{"line":52,"column":5}},"28":{"start":{"line":48,"column":6},"end":{"line":48,"column":64}},"29":{"start":{"line":49,"column":6},"end":{"line":49,"column":24}},"30":{"start":{"line":51,"column":6},"end":{"line":51,"column":36}},"31":{"start":{"line":56,"column":19},"end":{"line":56,"column":73}},"32":{"start":{"line":56,"column":25},"end":{"line":56,"column":73}},"33":{"start":{"line":60,"column":25},"end":{"line":63,"column":1}},"34":{"start":{"line":61,"column":2},"end":{"line":61,"column":79}},"35":{"start":{"line":62,"column":2},"end":{"line":62,"column":12}},"36":{"start":{"line":65,"column":27},"end":{"line":88,"column":1}},"37":{"start":{"line":66,"column":2},"end":{"line":68,"column":3}},"38":{"start":{"line":67,"column":4},"end":{"line":67,"column":68}},"39":{"start":{"line":69,"column":27},"end":{"line":69,"column":50}},"40":{"start":{"line":70,"column":2},"end":{"line":72,"column":3}},"41":{"start":{"line":71,"column":4},"end":{"line":71,"column":44}},"42":{"start":{"line":74,"column":2},"end":{"line":78,"column":3}},"43":{"start":{"line":75,"column":4},"end":{"line":75,"column":27}},"44":{"start":{"line":77,"column":4},"end":{"line":77,"column":12}},"45":{"start":{"line":79,"column":2},"end":{"line":84,"column":3}},"46":{"start":{"line":80,"column":4},"end":{"line":80,"column":58}},"47":{"start":{"line":82,"column":4},"end":{"line":82,"column":19}},"48":{"start":{"line":83,"column":4},"end":{"line":83,"column":51}},"49":{"start":{"line":85,"column":2},"end":{"line":87,"column":3}},"50":{"start":{"line":86,"column":4},"end":{"line":86,"column":14}},"51":{"start":{"line":90,"column":0},"end":{"line":114,"column":2}},"52":{"start":{"line":91,"column":2},"end":{"line":93,"column":3}},"53":{"start":{"line":92,"column":4},"end":{"line":92,"column":65}},"54":{"start":{"line":96,"column":2},"end":{"line":99,"column":5}},"55":{"start":{"line":97,"column":4},"end":{"line":97,"column":18}},"56":{"start":{"line":98,"column":4},"end":{"line":98,"column":17}},"57":{"start":{"line":100,"column":2},"end":{"line":100,"column":40}},"58":{"start":{"line":101,"column":2},"end":{"line":101,"column":39}},"59":{"start":{"line":102,"column":2},"end":{"line":113,"column":5}},"60":{"start":{"line":103,"column":4},"end":{"line":103,"column":44}},"61":{"start":{"line":104,"column":4},"end":{"line":109,"column":5}},"62":{"start":{"line":105,"column":6},"end":{"line":105,"column":68}},"63":{"start":{"line":107,"column":6},"end":{"line":107,"column":60}},"64":{"start":{"line":108,"column":6},"end":{"line":108,"column":21}},"65":{"start":{"line":110,"column":4},"end":{"line":110,"column":46}},"66":{"start":{"line":111,"column":4},"end":{"line":111,"column":11}},"67":{"start":{"line":112,"column":4},"end":{"line":112,"column":35}},"68":{"start":{"line":116,"column":0},"end":{"line":122,"column":2}},"69":{"start":{"line":117,"column":2},"end":{"line":119,"column":3}},"70":{"start":{"line":118,"column":4},"end":{"line":118,"column":46}},"71":{"start":{"line":120,"column":2},"end":{"line":120,"column":36}},"72":{"start":{"line":121,"column":2},"end":{"line":121,"column":33}},"73":{"start":{"line":124,"column":0},"end":{"line":124,"column":32}},"74":{"start":{"line":125,"column":0},"end":{"line":125,"column":48}},"75":{"start":{"line":126,"column":0},"end":{"line":126,"column":36}}},"fnMap":{"0":{"name":"readFilePromise","decl":{"start":{"line":8,"column":9},"end":{"line":8,"column":24}},"loc":{"start":{"line":8,"column":45},"end":{"line":15,"column":1}},"line":8},"1":{"name":"(anonymous_1)","decl":{"start":{"line":9,"column":21},"end":{"line":9,"column":22}},"loc":{"start":{"line":9,"column":42},"end":{"line":14,"column":3}},"line":9},"2":{"name":"(anonymous_2)","decl":{"start":{"line":10,"column":33},"end":{"line":10,"column":34}},"loc":{"start":{"line":10,"column":47},"end":{"line":13,"column":5}},"line":10},"3":{"name":"(anonymous_3)","decl":{"start":{"line":17,"column":21},"end":{"line":17,"column":22}},"loc":{"start":{"line":17,"column":40},"end":{"line":43,"column":1}},"line":17},"4":{"name":"(anonymous_4)","decl":{"start":{"line":45,"column":22},"end":{"line":45,"column":23}},"loc":{"start":{"line":45,"column":41},"end":{"line":54,"column":1}},"line":45},"5":{"name":"(anonymous_5)","decl":{"start":{"line":46,"column":27},"end":{"line":46,"column":28}},"loc":{"start":{"line":46,"column":43},"end":{"line":53,"column":3}},"line":46},"6":{"name":"(anonymous_6)","decl":{"start":{"line":56,"column":19},"end":{"line":56,"column":20}},"loc":{"start":{"line":56,"column":25},"end":{"line":56,"column":73}},"line":56},"7":{"name":"(anonymous_7)","decl":{"start":{"line":60,"column":25},"end":{"line":60,"column":26}},"loc":{"start":{"line":60,"column":41},"end":{"line":63,"column":1}},"line":60},"8":{"name":"(anonymous_8)","decl":{"start":{"line":65,"column":27},"end":{"line":65,"column":28}},"loc":{"start":{"line":65,"column":39},"end":{"line":88,"column":1}},"line":65},"9":{"name":"(anonymous_9)","decl":{"start":{"line":90,"column":27},"end":{"line":90,"column":28}},"loc":{"start":{"line":90,"column":35},"end":{"line":114,"column":1}},"line":90},"10":{"name":"(anonymous_10)","decl":{"start":{"line":96,"column":40},"end":{"line":96,"column":41}},"loc":{"start":{"line":96,"column":61},"end":{"line":99,"column":3}},"line":96},"11":{"name":"(anonymous_11)","decl":{"start":{"line":102,"column":13},"end":{"line":102,"column":14}},"loc":{"start":{"line":102,"column":29},"end":{"line":113,"column":3}},"line":102},"12":{"name":"(anonymous_12)","decl":{"start":{"line":116,"column":30},"end":{"line":116,"column":31}},"loc":{"start":{"line":116,"column":36},"end":{"line":122,"column":1}},"line":116}},"branchMap":{"0":{"loc":{"start":{"line":11,"column":6},"end":{"line":12,"column":24}},"type":"if","locations":[{"start":{"line":11,"column":6},"end":{"line":12,"column":24}},{"start":{"line":11,"column":6},"end":{"line":12,"column":24}}],"line":11},"1":{"loc":{"start":{"line":18,"column":2},"end":{"line":21,"column":3}},"type":"if","locations":[{"start":{"line":18,"column":2},"end":{"line":21,"column":3}},{"start":{"line":18,"column":2},"end":{"line":21,"column":3}}],"line":18},"2":{"loc":{"start":{"line":66,"column":2},"end":{"line":68,"column":3}},"type":"if","locations":[{"start":{"line":66,"column":2},"end":{"line":68,"column":3}},{"start":{"line":66,"column":2},"end":{"line":68,"column":3}}],"line":66},"3":{"loc":{"start":{"line":70,"column":2},"end":{"line":72,"column":3}},"type":"if","locations":[{"start":{"line":70,"column":2},"end":{"line":72,"column":3}},{"start":{"line":70,"column":2},"end":{"line":72,"column":3}}],"line":70},"4":{"loc":{"start":{"line":82,"column":10},"end":{"line":82,"column":18}},"type":"binary-expr","locations":[{"start":{"line":82,"column":10},"end":{"line":82,"column":13}},{"start":{"line":82,"column":17},"end":{"line":82,"column":18}}],"line":82},"5":{"loc":{"start":{"line":85,"column":2},"end":{"line":87,"column":3}},"type":"if","locations":[{"start":{"line":85,"column":2},"end":{"line":87,"column":3}},{"start":{"line":85,"column":2},"end":{"line":87,"column":3}}],"line":85},"6":{"loc":{"start":{"line":91,"column":2},"end":{"line":93,"column":3}},"type":"if","locations":[{"start":{"line":91,"column":2},"end":{"line":93,"column":3}},{"start":{"line":91,"column":2},"end":{"line":93,"column":3}}],"line":91},"7":{"loc":{"start":{"line":117,"column":2},"end":{"line":119,"column":3}},"type":"if","locations":[{"start":{"line":117,"column":2},"end":{"line":119,"column":3}},{"start":{"line":117,"column":2},"end":{"line":119,"column":3}}],"line":117}},"s":{"0":2,"1":2,"2":2,"3":2,"4":0,"5":0,"6":0,"7":0,"8":0,"9":2,"10":3,"11":3,"12":3,"13":3,"14":3,"15":3,"16":3,"17":3,"18":3,"19":3,"20":3,"21":3,"22":3,"23":0,"24":3,"25":2,"26":0,"27":0,"28":0,"29":0,"30":0,"31":2,"32":0,"33":2,"34":0,"35":0,"36":2,"37":0,"38":0,"39":0,"40":0,"41":0,"42":0,"43":0,"44":0,"45":0,"46":0,"47":0,"48":0,"49":0,"50":0,"51":2,"52":0,"53":0,"54":0,"55":0,"56":0,"57":0,"58":0,"59":0,"60":0,"61":0,"62":0,"63":0,"64":0,"65":0,"66":0,"67":0,"68":2,"69":0,"70":0,"71":0,"72":0,"73":2,"74":2,"75":2},"f":{"0":0,"1":0,"2":0,"3":3,"4":0,"5":0,"6":0,"7":0,"8":0,"9":0,"10":0,"11":0,"12":0},"b":{"0":[0,0],"1":[3,0],"2":[0,0],"3":[0,0],"4":[0,0],"5":[0,0],"6":[0,0],"7":[0,0]},"_coverageSchema":"43e27e138ebf9cfc5966b082cf9a028302ed4184","hash":"1480dd282258de3c4f576b39da61d5905dd67b4d"}
,"/home/han/Documents/postgraphile-connection-filter-polymorphic/__tests__/printSchemaOrdered.js": {"path":"/home/han/Documents/postgraphile-connection-filter-polymorphic/__tests__/printSchemaOrdered.js","statementMap":{"0":{"start":{"line":1,"column":34},"end":{"line":1,"column":52}},"1":{"start":{"line":2,"column":24},"end":{"line":2,"column":52}},"2":{"start":{"line":4,"column":0},"end":{"line":37,"column":2}},"3":{"start":{"line":6,"column":17},"end":{"line":6,"column":67}},"4":{"start":{"line":8,"column":18},"end":{"line":8,"column":37}},"5":{"start":{"line":9,"column":2},"end":{"line":34,"column":5}},"6":{"start":{"line":10,"column":20},"end":{"line":10,"column":33}},"7":{"start":{"line":13,"column":4},"end":{"line":28,"column":5}},"8":{"start":{"line":14,"column":21},"end":{"line":14,"column":40}},"9":{"start":{"line":15,"column":19},"end":{"line":15,"column":45}},"10":{"start":{"line":16,"column":6},"end":{"line":27,"column":9}},"11":{"start":{"line":17,"column":22},"end":{"line":17,"column":33}},"12":{"start":{"line":20,"column":8},"end":{"line":20,"column":27}},"13":{"start":{"line":21,"column":8},"end":{"line":21,"column":28}},"14":{"start":{"line":24,"column":8},"end":{"line":26,"column":9}},"15":{"start":{"line":25,"column":10},"end":{"line":25,"column":66}},"16":{"start":{"line":25,"column":36},"end":{"line":25,"column":64}},"17":{"start":{"line":31,"column":4},"end":{"line":33,"column":5}},"18":{"start":{"line":32,"column":6},"end":{"line":32,"column":71}},"19":{"start":{"line":32,"column":41},"end":{"line":32,"column":69}},"20":{"start":{"line":36,"column":2},"end":{"line":36,"column":29}}},"fnMap":{"0":{"name":"printSchemaOrdered","decl":{"start":{"line":4,"column":26},"end":{"line":4,"column":44}},"loc":{"start":{"line":4,"column":61},"end":{"line":37,"column":1}},"line":4},"1":{"name":"(anonymous_1)","decl":{"start":{"line":9,"column":31},"end":{"line":9,"column":32}},"loc":{"start":{"line":9,"column":39},"end":{"line":34,"column":3}},"line":9},"2":{"name":"(anonymous_2)","decl":{"start":{"line":16,"column":19},"end":{"line":16,"column":20}},"loc":{"start":{"line":16,"column":26},"end":{"line":27,"column":7}},"line":16},"3":{"name":"(anonymous_3)","decl":{"start":{"line":25,"column":26},"end":{"line":25,"column":27}},"loc":{"start":{"line":25,"column":36},"end":{"line":25,"column":64}},"line":25},"4":{"name":"(anonymous_4)","decl":{"start":{"line":32,"column":31},"end":{"line":32,"column":32}},"loc":{"start":{"line":32,"column":41},"end":{"line":32,"column":69}},"line":32}},"branchMap":{"0":{"loc":{"start":{"line":13,"column":4},"end":{"line":28,"column":5}},"type":"if","locations":[{"start":{"line":13,"column":4},"end":{"line":28,"column":5}},{"start":{"line":13,"column":4},"end":{"line":28,"column":5}}],"line":13},"1":{"loc":{"start":{"line":24,"column":8},"end":{"line":26,"column":9}},"type":"if","locations":[{"start":{"line":24,"column":8},"end":{"line":26,"column":9}},{"start":{"line":24,"column":8},"end":{"line":26,"column":9}}],"line":24},"2":{"loc":{"start":{"line":31,"column":4},"end":{"line":33,"column":5}},"type":"if","locations":[{"start":{"line":31,"column":4},"end":{"line":33,"column":5}},{"start":{"line":31,"column":4},"end":{"line":33,"column":5}}],"line":31}},"s":{"0":1,"1":1,"2":1,"3":1,"4":1,"5":1,"6":140,"7":140,"8":97,"9":97,"10":97,"11":476,"12":476,"13":476,"14":476,"15":476,"16":339,"17":140,"18":24,"19":1251,"20":1},"f":{"0":1,"1":140,"2":476,"3":339,"4":1251},"b":{"0":[97,43],"1":[476,0],"2":[24,116]},"_coverageSchema":"43e27e138ebf9cfc5966b082cf9a028302ed4184","hash":"16fb480223fa00f74585e8dd04ef5808845e54b0"}
,"/home/han/Documents/postgraphile-connection-filter-polymorphic/__tests__/integration/schema/core.js": {"path":"/home/han/Documents/postgraphile-connection-filter-polymorphic/__tests__/integration/schema/core.js","statementMap":{"0":{"start":{"line":1,"column":27},"end":{"line":1,"column":62}},"1":{"start":{"line":2,"column":25},"end":{"line":2,"column":49}},"2":{"start":{"line":3,"column":37},"end":{"line":3,"column":65}},"3":{"start":{"line":5,"column":0},"end":{"line":16,"column":5}},"4":{"start":{"line":5,"column":44},"end":{"line":16,"column":4}},"5":{"start":{"line":6,"column":2},"end":{"line":16,"column":4}},"6":{"start":{"line":7,"column":4},"end":{"line":13,"column":5}},"7":{"start":{"line":8,"column":6},"end":{"line":12,"column":7}},"8":{"start":{"line":9,"column":8},"end":{"line":9,"column":28}},"9":{"start":{"line":11,"column":8},"end":{"line":11,"column":34}},"10":{"start":{"line":14,"column":19},"end":{"line":14,"column":75}},"11":{"start":{"line":15,"column":4},"end":{"line":15,"column":57}}},"fnMap":{"0":{"name":"(anonymous_0)","decl":{"start":{"line":5,"column":15},"end":{"line":5,"column":16}},"loc":{"start":{"line":5,"column":44},"end":{"line":16,"column":4}},"line":5},"1":{"name":"(anonymous_1)","decl":{"start":{"line":5,"column":44},"end":{"line":5,"column":45}},"loc":{"start":{"line":6,"column":2},"end":{"line":16,"column":4}},"line":6},"2":{"name":"(anonymous_2)","decl":{"start":{"line":6,"column":15},"end":{"line":6,"column":16}},"loc":{"start":{"line":6,"column":31},"end":{"line":16,"column":3}},"line":6}},"branchMap":{"0":{"loc":{"start":{"line":7,"column":4},"end":{"line":13,"column":5}},"type":"if","locations":[{"start":{"line":7,"column":4},"end":{"line":13,"column":5}},{"start":{"line":7,"column":4},"end":{"line":13,"column":5}}],"line":7},"1":{"loc":{"start":{"line":8,"column":6},"end":{"line":12,"column":7}},"type":"if","locations":[{"start":{"line":8,"column":6},"end":{"line":12,"column":7}},{"start":{"line":8,"column":6},"end":{"line":12,"column":7}}],"line":8}},"s":{"0":1,"1":1,"2":1,"3":1,"4":1,"5":1,"6":1,"7":0,"8":0,"9":0,"10":1,"11":1},"f":{"0":1,"1":1,"2":1},"b":{"0":[0,1],"1":[0,0]},"_coverageSchema":"43e27e138ebf9cfc5966b082cf9a028302ed4184","hash":"c8fc7224286998f509a3271fa496777e9ee850b9"}
,"/home/han/Documents/postgraphile-connection-filter-polymorphic/src/index.ts": {"path":"/home/han/Documents/postgraphile-connection-filter-polymorphic/src/index.ts","statementMap":{"0":{"start":{"line":1,"column":0},"end":{"line":1,"column":50}},"1":{"start":{"line":2,"column":0},"end":{"line":2,"column":48}},"2":{"start":{"line":3,"column":0},"end":{"line":3,"column":65}},"3":{"start":{"line":4,"column":0},"end":{"line":4,"column":66}}},"fnMap":{},"branchMap":{},"s":{"0":1,"1":1,"2":1,"3":1},"f":{},"b":{}}
,"/home/han/Documents/postgraphile-connection-filter-polymorphic/src/pgConnectionArgFilterBackwardPolyRelationPlugin.ts": {"path":"/home/han/Documents/postgraphile-connection-filter-polymorphic/src/pgConnectionArgFilterBackwardPolyRelationPlugin.ts","statementMap":{"0":{"start":{"line":13,"column":13},"end":{"line":369,"column":2}},"1":{"start":{"line":15,"column":2},"end":{"line":20,"column":6}},"2":{"start":{"line":15,"column":43},"end":{"line":19,"column":null}},"3":{"start":{"line":18,"column":6},"end":{"line":18,"column":63}},"4":{"start":{"line":21,"column":34},"end":{"line":21,"column":40}},"5":{"start":{"line":22,"column":25},"end":{"line":22,"column":55}},"6":{"start":{"line":23,"column":2},"end":{"line":254,"column":5}},"7":{"start":{"line":39,"column":8},"end":{"line":39,"column":13}},"8":{"start":{"line":44,"column":8},"end":{"line":44,"column":15}},"9":{"start":{"line":46,"column":4},"end":{"line":46,"column":71}},"10":{"start":{"line":46,"column":57},"end":{"line":46,"column":71}},"11":{"start":{"line":47,"column":4},"end":{"line":52,"column":null}},"12":{"start":{"line":48,"column":6},"end":{"line":51,"column":8}},"13":{"start":{"line":54,"column":20},"end":{"line":54,"column":26}},"14":{"start":{"line":55,"column":4},"end":{"line":55,"column":54}},"15":{"start":{"line":57,"column":22},"end":{"line":57,"column":49}},"16":{"start":{"line":59,"column":66},"end":{"line":106,"column":46}},"17":{"start":{"line":60,"column":21},"end":{"line":60,"column":47}},"18":{"start":{"line":67,"column":29},"end":{"line":67,"column":83}},"19":{"start":{"line":68,"column":8},"end":{"line":73,"column":null}},"20":{"start":{"line":69,"column":10},"end":{"line":69,"column":22}},"21":{"start":{"line":74,"column":8},"end":{"line":76,"column":null}},"22":{"start":{"line":75,"column":10},"end":{"line":75,"column":22}},"23":{"start":{"line":77,"column":34},"end":{"line":78,"column":null}},"24":{"start":{"line":78,"column":18},"end":{"line":78,"column":64}},"25":{"start":{"line":80,"column":30},"end":{"line":80,"column":54}},"26":{"start":{"line":81,"column":32},"end":{"line":81,"column":58}},"27":{"start":{"line":82,"column":35},"end":{"line":92,"column":10}},"28":{"start":{"line":83,"column":10},"end":{"line":83,"column":58}},"29":{"start":{"line":83,"column":45},"end":{"line":83,"column":58}},"30":{"start":{"line":85,"column":10},"end":{"line":85,"column":60}},"31":{"start":{"line":85,"column":47},"end":{"line":85,"column":60}},"32":{"start":{"line":87,"column":10},"end":{"line":87,"column":43}},"33":{"start":{"line":87,"column":30},"end":{"line":87,"column":43}},"34":{"start":{"line":89,"column":10},"end":{"line":89,"column":81}},"35":{"start":{"line":89,"column":41},"end":{"line":89,"column":65}},"36":{"start":{"line":89,"column":68},"end":{"line":89,"column":81}},"37":{"start":{"line":90,"column":10},"end":{"line":90,"column":83}},"38":{"start":{"line":90,"column":41},"end":{"line":90,"column":67}},"39":{"start":{"line":90,"column":70},"end":{"line":90,"column":83}},"40":{"start":{"line":91,"column":10},"end":{"line":91,"column":22}},"41":{"start":{"line":93,"column":26},"end":{"line":95,"column":73}},"42":{"start":{"line":97,"column":8},"end":{"line":104,"column":11}},"43":{"start":{"line":105,"column":8},"end":{"line":105,"column":20}},"44":{"start":{"line":108,"column":89},"end":{"line":108,"column":91}},"45":{"start":{"line":110,"column":21},"end":{"line":134,"column":5}},"46":{"start":{"line":112,"column":6},"end":{"line":127,"column":8}},"47":{"start":{"line":129,"column":6},"end":{"line":131,"column":9}},"48":{"start":{"line":133,"column":6},"end":{"line":133,"column":70}},"49":{"start":{"line":136,"column":4},"end":{"line":190,"column":null}},"50":{"start":{"line":137,"column":84},"end":{"line":137,"column":88}},"51":{"start":{"line":138,"column":35},"end":{"line":138,"column":69}},"52":{"start":{"line":139,"column":41},"end":{"line":139,"column":84}},"53":{"start":{"line":140,"column":37},"end":{"line":144,"column":null}},"54":{"start":{"line":146,"column":6},"end":{"line":146,"column":44}},"55":{"start":{"line":146,"column":35},"end":{"line":146,"column":44}},"56":{"start":{"line":148,"column":6},"end":{"line":189,"column":null}},"57":{"start":{"line":149,"column":8},"end":{"line":177,"column":null}},"58":{"start":{"line":150,"column":37},"end":{"line":150,"column":87}},"59":{"start":{"line":151,"column":10},"end":{"line":165,"column":null}},"60":{"start":{"line":152,"column":12},"end":{"line":164,"column":14}},"61":{"start":{"line":166,"column":33},"end":{"line":166,"column":84}},"62":{"start":{"line":167,"column":10},"end":{"line":176,"column":12}},"63":{"start":{"line":179,"column":8},"end":{"line":188,"column":10}},"64":{"start":{"line":193,"column":6},"end":{"line":193,"column":42}},"65":{"start":{"line":193,"column":30},"end":{"line":193,"column":42}},"66":{"start":{"line":200,"column":10},"end":{"line":200,"column":52}},"67":{"start":{"line":202,"column":35},"end":{"line":202,"column":69}},"68":{"start":{"line":203,"column":32},"end":{"line":203,"column":56}},"69":{"start":{"line":204,"column":28},"end":{"line":206,"column":null}},"70":{"start":{"line":208,"column":28},"end":{"line":208,"column":55}},"71":{"start":{"line":209,"column":28},"end":{"line":209,"column":51}},"72":{"start":{"line":210,"column":30},"end":{"line":210,"column":55}},"73":{"start":{"line":211,"column":41},"end":{"line":211,"column":84}},"74":{"start":{"line":213,"column":27},"end":{"line":218,"column":42}},"75":{"start":{"line":220,"column":38},"end":{"line":221,"column":54}},"76":{"start":{"line":222,"column":26},"end":{"line":226,"column":null}},"77":{"start":{"line":228,"column":6},"end":{"line":230,"column":77}},"78":{"start":{"line":234,"column":6},"end":{"line":251,"column":8}},"79":{"start":{"line":235,"column":8},"end":{"line":235,"column":44}},"80":{"start":{"line":235,"column":32},"end":{"line":235,"column":44}},"81":{"start":{"line":237,"column":33},"end":{"line":237,"column":75}},"82":{"start":{"line":239,"column":47},"end":{"line":239,"column":97}},"83":{"start":{"line":240,"column":28},"end":{"line":248,"column":null}},"84":{"start":{"line":250,"column":8},"end":{"line":250,"column":56}},"85":{"start":{"line":253,"column":4},"end":{"line":253,"column":21}},"86":{"start":{"line":256,"column":2},"end":{"line":368,"column":5}},"87":{"start":{"line":266,"column":8},"end":{"line":266,"column":13}},"88":{"start":{"line":271,"column":8},"end":{"line":271,"column":15}},"89":{"start":{"line":273,"column":4},"end":{"line":273,"column":70}},"90":{"start":{"line":273,"column":56},"end":{"line":273,"column":70}},"91":{"start":{"line":275,"column":4},"end":{"line":275,"column":54}},"92":{"start":{"line":277,"column":33},"end":{"line":277,"column":67}},"93":{"start":{"line":278,"column":39},"end":{"line":278,"column":82}},"94":{"start":{"line":279,"column":23},"end":{"line":283,"column":null}},"95":{"start":{"line":286,"column":23},"end":{"line":317,"column":6}},"96":{"start":{"line":319,"column":20},"end":{"line":361,"column":5}},"97":{"start":{"line":320,"column":6},"end":{"line":320,"column":42}},"98":{"start":{"line":320,"column":30},"end":{"line":320,"column":42}},"99":{"start":{"line":325,"column":10},"end":{"line":325,"column":62}},"100":{"start":{"line":326,"column":32},"end":{"line":326,"column":56}},"101":{"start":{"line":327,"column":28},"end":{"line":327,"column":90}},"102":{"start":{"line":328,"column":28},"end":{"line":328,"column":55}},"103":{"start":{"line":329,"column":28},"end":{"line":329,"column":51}},"104":{"start":{"line":330,"column":30},"end":{"line":330,"column":55}},"105":{"start":{"line":332,"column":27},"end":{"line":337,"column":12}},"106":{"start":{"line":339,"column":38},"end":{"line":340,"column":51}},"107":{"start":{"line":342,"column":26},"end":{"line":346,"column":null}},"108":{"start":{"line":348,"column":6},"end":{"line":350,"column":null}},"109":{"start":{"line":349,"column":8},"end":{"line":349,"column":20}},"110":{"start":{"line":351,"column":6},"end":{"line":353,"column":null}},"111":{"start":{"line":352,"column":8},"end":{"line":352,"column":90}},"112":{"start":{"line":354,"column":6},"end":{"line":356,"column":null}},"113":{"start":{"line":355,"column":8},"end":{"line":355,"column":82}},"114":{"start":{"line":357,"column":6},"end":{"line":359,"column":null}},"115":{"start":{"line":358,"column":8},"end":{"line":358,"column":86}},"116":{"start":{"line":360,"column":6},"end":{"line":360,"column":58}},"117":{"start":{"line":363,"column":4},"end":{"line":365,"column":null}},"118":{"start":{"line":364,"column":6},"end":{"line":364,"column":70}},"119":{"start":{"line":367,"column":4},"end":{"line":367,"column":38}}},"fnMap":{"0":{"name":"(anonymous_0)","decl":{"start":{"line":13,"column":45},"end":{"line":13,"column":46}},"loc":{"start":{"line":13,"column":89},"end":{"line":369,"column":1}}},"1":{"name":"(anonymous_1)","decl":{"start":{"line":15,"column":29},"end":{"line":15,"column":39}},"loc":{"start":{"line":15,"column":43},"end":{"line":19,"column":null}}},"2":{"name":"(anonymous_2)","decl":{"start":{"line":17,"column":4},"end":{"line":17,"column":22}},"loc":{"start":{"line":17,"column":42},"end":{"line":19,"column":5}}},"3":{"name":"(anonymous_3)","decl":{"start":{"line":23,"column":48},"end":{"line":23,"column":49}},"loc":{"start":{"line":23,"column":75},"end":{"line":254,"column":3}}},"4":{"name":"(anonymous_4)","decl":{"start":{"line":60,"column":14},"end":{"line":60,"column":17}},"loc":{"start":{"line":60,"column":21},"end":{"line":60,"column":47}}},"5":{"name":"(anonymous_5)","decl":{"start":{"line":63,"column":14},"end":{"line":63,"column":15}},"loc":{"start":{"line":63,"column":36},"end":{"line":106,"column":7}}},"6":{"name":"(anonymous_6)","decl":{"start":{"line":78,"column":10},"end":{"line":78,"column":14}},"loc":{"start":{"line":78,"column":18},"end":{"line":78,"column":64}}},"7":{"name":"(anonymous_7)","decl":{"start":{"line":82,"column":78},"end":{"line":82,"column":79}},"loc":{"start":{"line":82,"column":84},"end":{"line":92,"column":9}}},"8":{"name":"(anonymous_8)","decl":{"start":{"line":89,"column":36},"end":{"line":89,"column":37}},"loc":{"start":{"line":89,"column":41},"end":{"line":89,"column":65}}},"9":{"name":"(anonymous_9)","decl":{"start":{"line":90,"column":36},"end":{"line":90,"column":37}},"loc":{"start":{"line":90,"column":41},"end":{"line":90,"column":67}}},"10":{"name":"(anonymous_10)","decl":{"start":{"line":110,"column":21},"end":{"line":110,"column":22}},"loc":{"start":{"line":110,"column":75},"end":{"line":134,"column":5}}},"11":{"name":"resolveSingle","decl":{"start":{"line":192,"column":13},"end":{"line":192,"column":26}},"loc":{"start":{"line":192,"column":79},"end":{"line":231,"column":5}}},"12":{"name":"makeResolveMany","decl":{"start":{"line":233,"column":13},"end":{"line":233,"column":28}},"loc":{"start":{"line":233,"column":49},"end":{"line":252,"column":5}}},"13":{"name":"resolveMany","decl":{"start":{"line":234,"column":22},"end":{"line":234,"column":33}},"loc":{"start":{"line":234,"column":86},"end":{"line":251,"column":7}}},"14":{"name":"(anonymous_14)","decl":{"start":{"line":256,"column":48},"end":{"line":256,"column":49}},"loc":{"start":{"line":256,"column":75},"end":{"line":368,"column":3}}},"15":{"name":"(anonymous_15)","decl":{"start":{"line":319,"column":20},"end":{"line":319,"column":21}},"loc":{"start":{"line":319,"column":77},"end":{"line":361,"column":5}}}},"branchMap":{"0":{"loc":{"start":{"line":38,"column":42},"end":{"line":38,"column":44}},"type":"default-arg","locations":[{"start":{"line":38,"column":42},"end":{"line":38,"column":44}}]},"1":{"loc":{"start":{"line":46,"column":4},"end":{"line":46,"column":71}},"type":"if","locations":[{"start":{"line":46,"column":4},"end":{"line":46,"column":71}},{"start":{"line":46,"column":4},"end":{"line":46,"column":71}}]},"2":{"loc":{"start":{"line":46,"column":8},"end":{"line":46,"column":29}},"type":"binary-expr","locations":[{"start":{"line":46,"column":8},"end":{"line":46,"column":29}},{"start":{"line":46,"column":33},"end":{"line":46,"column":55}}]},"3":{"loc":{"start":{"line":47,"column":4},"end":{"line":52,"column":null}},"type":"if","locations":[{"start":{"line":47,"column":4},"end":{"line":52,"column":null}},{"start":{"line":47,"column":4},"end":{"line":52,"column":null}}]},"4":{"loc":{"start":{"line":68,"column":8},"end":{"line":73,"column":null}},"type":"if","locations":[{"start":{"line":68,"column":8},"end":{"line":73,"column":null}},{"start":{"line":68,"column":8},"end":{"line":73,"column":null}}]},"5":{"loc":{"start":{"line":74,"column":8},"end":{"line":76,"column":null}},"type":"if","locations":[{"start":{"line":74,"column":8},"end":{"line":76,"column":null}},{"start":{"line":74,"column":8},"end":{"line":76,"column":null}}]},"6":{"loc":{"start":{"line":78,"column":18},"end":{"line":78,"column":43}},"type":"binary-expr","locations":[{"start":{"line":78,"column":18},"end":{"line":78,"column":43}},{"start":{"line":78,"column":47},"end":{"line":78,"column":64}}]},"7":{"loc":{"start":{"line":83,"column":10},"end":{"line":83,"column":58}},"type":"if","locations":[{"start":{"line":83,"column":10},"end":{"line":83,"column":58}},{"start":{"line":83,"column":10},"end":{"line":83,"column":58}}]},"8":{"loc":{"start":{"line":85,"column":10},"end":{"line":85,"column":60}},"type":"if","locations":[{"start":{"line":85,"column":10},"end":{"line":85,"column":60}},{"start":{"line":85,"column":10},"end":{"line":85,"column":60}}]},"9":{"loc":{"start":{"line":87,"column":10},"end":{"line":87,"column":43}},"type":"if","locations":[{"start":{"line":87,"column":10},"end":{"line":87,"column":43}},{"start":{"line":87,"column":10},"end":{"line":87,"column":43}}]},"10":{"loc":{"start":{"line":89,"column":10},"end":{"line":89,"column":81}},"type":"if","locations":[{"start":{"line":89,"column":10},"end":{"line":89,"column":81}},{"start":{"line":89,"column":10},"end":{"line":89,"column":81}}]},"11":{"loc":{"start":{"line":90,"column":10},"end":{"line":90,"column":83}},"type":"if","locations":[{"start":{"line":90,"column":10},"end":{"line":90,"column":83}},{"start":{"line":90,"column":10},"end":{"line":90,"column":83}}]},"12":{"loc":{"start":{"line":93,"column":47},"end":{"line":94,"column":52}},"type":"cond-expr","locations":[{"start":{"line":93,"column":47},"end":{"line":94,"column":52}},{"start":{"line":95,"column":12},"end":{"line":95,"column":73}}]},"13":{"loc":{"start":{"line":146,"column":6},"end":{"line":146,"column":44}},"type":"if","locations":[{"start":{"line":146,"column":6},"end":{"line":146,"column":44}},{"start":{"line":146,"column":6},"end":{"line":146,"column":44}}]},"14":{"loc":{"start":{"line":148,"column":6},"end":{"line":189,"column":null}},"type":"if","locations":[{"start":{"line":148,"column":6},"end":{"line":189,"column":null}},{"start":{"line":148,"column":6},"end":{"line":189,"column":null}}]},"15":{"loc":{"start":{"line":149,"column":8},"end":{"line":177,"column":null}},"type":"if","locations":[{"start":{"line":149,"column":8},"end":{"line":177,"column":null}},{"start":{"line":149,"column":8},"end":{"line":177,"column":null}}]},"16":{"loc":{"start":{"line":151,"column":10},"end":{"line":165,"column":null}},"type":"if","locations":[{"start":{"line":151,"column":10},"end":{"line":165,"column":null}},{"start":{"line":151,"column":10},"end":{"line":165,"column":null}}]},"17":{"loc":{"start":{"line":193,"column":6},"end":{"line":193,"column":42}},"type":"if","locations":[{"start":{"line":193,"column":6},"end":{"line":193,"column":42}},{"start":{"line":193,"column":6},"end":{"line":193,"column":42}}]},"18":{"loc":{"start":{"line":229,"column":10},"end":{"line":229,"column":14}},"type":"cond-expr","locations":[{"start":{"line":229,"column":10},"end":{"line":229,"column":14}},{"start":{"line":230,"column":10},"end":{"line":230,"column":76}}]},"19":{"loc":{"start":{"line":235,"column":8},"end":{"line":235,"column":44}},"type":"if","locations":[{"start":{"line":235,"column":8},"end":{"line":235,"column":44}},{"start":{"line":235,"column":8},"end":{"line":235,"column":44}}]},"20":{"loc":{"start":{"line":250,"column":37},"end":{"line":250,"column":41}},"type":"cond-expr","locations":[{"start":{"line":250,"column":37},"end":{"line":250,"column":41}},{"start":{"line":250,"column":44},"end":{"line":250,"column":55}}]},"21":{"loc":{"start":{"line":273,"column":4},"end":{"line":273,"column":70}},"type":"if","locations":[{"start":{"line":273,"column":4},"end":{"line":273,"column":70}},{"start":{"line":273,"column":4},"end":{"line":273,"column":70}}]},"22":{"loc":{"start":{"line":273,"column":8},"end":{"line":273,"column":37}},"type":"binary-expr","locations":[{"start":{"line":273,"column":8},"end":{"line":273,"column":37}},{"start":{"line":273,"column":41},"end":{"line":273,"column":54}}]},"23":{"loc":{"start":{"line":320,"column":6},"end":{"line":320,"column":42}},"type":"if","locations":[{"start":{"line":320,"column":6},"end":{"line":320,"column":42}},{"start":{"line":320,"column":6},"end":{"line":320,"column":42}}]},"24":{"loc":{"start":{"line":348,"column":6},"end":{"line":350,"column":null}},"type":"if","locations":[{"start":{"line":348,"column":6},"end":{"line":350,"column":null}},{"start":{"line":348,"column":6},"end":{"line":350,"column":null}}]},"25":{"loc":{"start":{"line":351,"column":6},"end":{"line":353,"column":null}},"type":"if","locations":[{"start":{"line":351,"column":6},"end":{"line":353,"column":null}},{"start":{"line":351,"column":6},"end":{"line":353,"column":null}}]},"26":{"loc":{"start":{"line":354,"column":6},"end":{"line":356,"column":null}},"type":"if","locations":[{"start":{"line":354,"column":6},"end":{"line":356,"column":null}},{"start":{"line":354,"column":6},"end":{"line":356,"column":null}}]},"27":{"loc":{"start":{"line":357,"column":6},"end":{"line":359,"column":null}},"type":"if","locations":[{"start":{"line":357,"column":6},"end":{"line":359,"column":null}},{"start":{"line":357,"column":6},"end":{"line":359,"column":null}}]}},"s":{"0":1,"1":1,"2":1,"3":2,"4":1,"5":1,"6":1,"7":270,"8":270,"9":270,"10":249,"11":21,"12":0,"13":21,"14":21,"15":21,"16":21,"17":21,"18":2,"19":2,"20":0,"21":2,"22":0,"23":2,"24":5,"25":2,"26":2,"27":2,"28":72,"29":70,"30":2,"31":2,"32":0,"33":0,"34":0,"35":0,"36":0,"37":0,"38":0,"39":0,"40":0,"41":2,"42":2,"43":2,"44":21,"45":21,"46":2,"47":2,"48":2,"49":21,"50":2,"51":2,"52":2,"53":2,"54":2,"55":0,"56":2,"57":2,"58":2,"59":2,"60":2,"61":2,"62":2,"63":0,"64":0,"65":0,"66":0,"67":0,"68":0,"69":0,"70":0,"71":0,"72":0,"73":0,"74":0,"75":0,"76":0,"77":0,"78":2,"79":0,"80":0,"81":0,"82":0,"83":0,"84":0,"85":21,"86":1,"87":270,"88":270,"89":270,"90":268,"91":2,"92":2,"93":2,"94":2,"95":2,"96":2,"97":0,"98":0,"99":0,"100":0,"101":0,"102":0,"103":0,"104":0,"105":0,"106":0,"107":0,"108":0,"109":0,"110":0,"111":0,"112":0,"113":0,"114":0,"115":0,"116":0,"117":2,"118":6,"119":2},"f":{"0":1,"1":1,"2":2,"3":270,"4":21,"5":2,"6":5,"7":72,"8":0,"9":0,"10":2,"11":0,"12":2,"13":0,"14":270,"15":0},"b":{"0":[0],"1":[249,21],"2":[270,23],"3":[0,21],"4":[0,2],"5":[0,2],"6":[5,2],"7":[70,2],"8":[2,0],"9":[0,0],"10":[0,0],"11":[0,0],"12":[0,2],"13":[0,2],"14":[2,0],"15":[2,0],"16":[2,0],"17":[0,0],"18":[0,0],"19":[0,0],"20":[0,0],"21":[268,2],"22":[270,2],"23":[0,0],"24":[0,0],"25":[0,0],"26":[0,0],"27":[0,0]}}
,"/home/han/Documents/postgraphile-connection-filter-polymorphic/src/pgConnectionArgFilterForwardPolyRelationPlugin.ts": {"path":"/home/han/Documents/postgraphile-connection-filter-polymorphic/src/pgConnectionArgFilterForwardPolyRelationPlugin.ts","statementMap":{"0":{"start":{"line":11,"column":13},"end":{"line":205,"column":2}},"1":{"start":{"line":19,"column":2},"end":{"line":204,"column":5}},"2":{"start":{"line":34,"column":8},"end":{"line":34,"column":13}},"3":{"start":{"line":39,"column":8},"end":{"line":39,"column":15}},"4":{"start":{"line":40,"column":20},"end":{"line":40,"column":26}},"5":{"start":{"line":42,"column":4},"end":{"line":42,"column":71}},"6":{"start":{"line":42,"column":57},"end":{"line":42,"column":71}},"7":{"start":{"line":43,"column":4},"end":{"line":48,"column":null}},"8":{"start":{"line":44,"column":6},"end":{"line":47,"column":8}},"9":{"start":{"line":50,"column":42},"end":{"line":66,"column":5}},"10":{"start":{"line":51,"column":20},"end":{"line":64,"column":10}},"11":{"start":{"line":53,"column":20},"end":{"line":53,"column":54}},"12":{"start":{"line":54,"column":10},"end":{"line":56,"column":null}},"13":{"start":{"line":55,"column":12},"end":{"line":55,"column":24}},"14":{"start":{"line":57,"column":10},"end":{"line":57,"column":33}},"15":{"start":{"line":60,"column":10},"end":{"line":60,"column":42}},"16":{"start":{"line":63,"column":10},"end":{"line":63,"column":22}},"17":{"start":{"line":65,"column":6},"end":{"line":65,"column":35}},"18":{"start":{"line":68,"column":4},"end":{"line":68,"column":54}},"19":{"start":{"line":72,"column":40},"end":{"line":105,"column":47}},"20":{"start":{"line":73,"column":23},"end":{"line":73,"column":44}},"21":{"start":{"line":75,"column":22},"end":{"line":75,"column":64}},"22":{"start":{"line":82,"column":58},"end":{"line":102,"column":null}},"23":{"start":{"line":84,"column":35},"end":{"line":84,"column":61}},"24":{"start":{"line":85,"column":14},"end":{"line":85,"column":45}},"25":{"start":{"line":85,"column":33},"end":{"line":85,"column":45}},"26":{"start":{"line":86,"column":32},"end":{"line":86,"column":95}},"27":{"start":{"line":87,"column":47},"end":{"line":88,"column":null}},"28":{"start":{"line":88,"column":24},"end":{"line":88,"column":77}},"29":{"start":{"line":90,"column":14},"end":{"line":98,"column":null}},"30":{"start":{"line":91,"column":16},"end":{"line":97,"column":19}},"31":{"start":{"line":100,"column":14},"end":{"line":100,"column":26}},"32":{"start":{"line":104,"column":10},"end":{"line":104,"column":39}},"33":{"start":{"line":107,"column":91},"end":{"line":107,"column":93}},"34":{"start":{"line":109,"column":21},"end":{"line":133,"column":5}},"35":{"start":{"line":111,"column":6},"end":{"line":126,"column":8}},"36":{"start":{"line":128,"column":6},"end":{"line":130,"column":9}},"37":{"start":{"line":132,"column":6},"end":{"line":132,"column":70}},"38":{"start":{"line":135,"column":4},"end":{"line":158,"column":null}},"39":{"start":{"line":136,"column":42},"end":{"line":136,"column":46}},"40":{"start":{"line":138,"column":35},"end":{"line":138,"column":69}},"41":{"start":{"line":139,"column":41},"end":{"line":139,"column":84}},"42":{"start":{"line":140,"column":37},"end":{"line":144,"column":null}},"43":{"start":{"line":146,"column":6},"end":{"line":146,"column":44}},"44":{"start":{"line":146,"column":35},"end":{"line":146,"column":44}},"45":{"start":{"line":148,"column":6},"end":{"line":157,"column":8}},"46":{"start":{"line":161,"column":6},"end":{"line":161,"column":42}},"47":{"start":{"line":161,"column":30},"end":{"line":161,"column":42}},"48":{"start":{"line":167,"column":10},"end":{"line":167,"column":55}},"49":{"start":{"line":169,"column":35},"end":{"line":169,"column":69}},"50":{"start":{"line":170,"column":32},"end":{"line":170,"column":56}},"51":{"start":{"line":171,"column":28},"end":{"line":171,"column":51}},"52":{"start":{"line":172,"column":30},"end":{"line":172,"column":55}},"53":{"start":{"line":174,"column":28},"end":{"line":174,"column":90}},"54":{"start":{"line":177,"column":27},"end":{"line":182,"column":49}},"55":{"start":{"line":184,"column":41},"end":{"line":184,"column":84}},"56":{"start":{"line":186,"column":26},"end":{"line":190,"column":null}},"57":{"start":{"line":193,"column":6},"end":{"line":200,"column":9}},"58":{"start":{"line":203,"column":4},"end":{"line":203,"column":21}}},"fnMap":{"0":{"name":"(anonymous_0)","decl":{"start":{"line":11,"column":44},"end":{"line":11,"column":45}},"loc":{"start":{"line":11,"column":71},"end":{"line":205,"column":1}}},"1":{"name":"(anonymous_1)","decl":{"start":{"line":19,"column":48},"end":{"line":19,"column":49}},"loc":{"start":{"line":19,"column":75},"end":{"line":204,"column":3}}},"2":{"name":"(anonymous_2)","decl":{"start":{"line":50,"column":42},"end":{"line":50,"column":43}},"loc":{"start":{"line":50,"column":75},"end":{"line":66,"column":5}}},"3":{"name":"(anonymous_3)","decl":{"start":{"line":52,"column":13},"end":{"line":52,"column":14}},"loc":{"start":{"line":52,"column":33},"end":{"line":58,"column":9}}},"4":{"name":"(anonymous_4)","decl":{"start":{"line":59,"column":16},"end":{"line":59,"column":17}},"loc":{"start":{"line":59,"column":22},"end":{"line":61,"column":9}}},"5":{"name":"(anonymous_5)","decl":{"start":{"line":62,"column":13},"end":{"line":62,"column":14}},"loc":{"start":{"line":62,"column":19},"end":{"line":64,"column":9}}},"6":{"name":"(anonymous_6)","decl":{"start":{"line":73,"column":16},"end":{"line":73,"column":19}},"loc":{"start":{"line":73,"column":23},"end":{"line":73,"column":44}}},"7":{"name":"(anonymous_7)","decl":{"start":{"line":74,"column":16},"end":{"line":74,"column":17}},"loc":{"start":{"line":74,"column":37},"end":{"line":105,"column":9}}},"8":{"name":"(anonymous_8)","decl":{"start":{"line":83,"column":12},"end":{"line":83,"column":13}},"loc":{"start":{"line":83,"column":38},"end":{"line":101,"column":13}}},"9":{"name":"(anonymous_9)","decl":{"start":{"line":88,"column":16},"end":{"line":88,"column":20}},"loc":{"start":{"line":88,"column":24},"end":{"line":88,"column":77}}},"10":{"name":"(anonymous_10)","decl":{"start":{"line":109,"column":21},"end":{"line":109,"column":22}},"loc":{"start":{"line":109,"column":75},"end":{"line":133,"column":5}}},"11":{"name":"resolve","decl":{"start":{"line":160,"column":13},"end":{"line":160,"column":20}},"loc":{"start":{"line":160,"column":73},"end":{"line":201,"column":5}}}},"branchMap":{"0":{"loc":{"start":{"line":33,"column":42},"end":{"line":33,"column":44}},"type":"default-arg","locations":[{"start":{"line":33,"column":42},"end":{"line":33,"column":44}}]},"1":{"loc":{"start":{"line":42,"column":4},"end":{"line":42,"column":71}},"type":"if","locations":[{"start":{"line":42,"column":4},"end":{"line":42,"column":71}},{"start":{"line":42,"column":4},"end":{"line":42,"column":71}}]},"2":{"loc":{"start":{"line":42,"column":8},"end":{"line":42,"column":29}},"type":"binary-expr","locations":[{"start":{"line":42,"column":8},"end":{"line":42,"column":29}},{"start":{"line":42,"column":33},"end":{"line":42,"column":55}}]},"3":{"loc":{"start":{"line":43,"column":4},"end":{"line":48,"column":null}},"type":"if","locations":[{"start":{"line":43,"column":4},"end":{"line":48,"column":null}},{"start":{"line":43,"column":4},"end":{"line":48,"column":null}}]},"4":{"loc":{"start":{"line":54,"column":10},"end":{"line":56,"column":null}},"type":"if","locations":[{"start":{"line":54,"column":10},"end":{"line":56,"column":null}},{"start":{"line":54,"column":10},"end":{"line":56,"column":null}}]},"5":{"loc":{"start":{"line":60,"column":17},"end":{"line":60,"column":18}},"type":"binary-expr","locations":[{"start":{"line":60,"column":17},"end":{"line":60,"column":18}},{"start":{"line":60,"column":22},"end":{"line":60,"column":41}}]},"6":{"loc":{"start":{"line":85,"column":14},"end":{"line":85,"column":45}},"type":"if","locations":[{"start":{"line":85,"column":14},"end":{"line":85,"column":45}},{"start":{"line":85,"column":14},"end":{"line":85,"column":45}}]},"7":{"loc":{"start":{"line":88,"column":24},"end":{"line":88,"column":56}},"type":"binary-expr","locations":[{"start":{"line":88,"column":24},"end":{"line":88,"column":56}},{"start":{"line":88,"column":60},"end":{"line":88,"column":77}}]},"8":{"loc":{"start":{"line":90,"column":14},"end":{"line":98,"column":null}},"type":"if","locations":[{"start":{"line":90,"column":14},"end":{"line":98,"column":null}},{"start":{"line":90,"column":14},"end":{"line":98,"column":null}}]},"9":{"loc":{"start":{"line":90,"column":18},"end":{"line":90,"column":42}},"type":"binary-expr","locations":[{"start":{"line":90,"column":18},"end":{"line":90,"column":42}},{"start":{"line":90,"column":46},"end":{"line":90,"column":87}}]},"10":{"loc":{"start":{"line":146,"column":6},"end":{"line":146,"column":44}},"type":"if","locations":[{"start":{"line":146,"column":6},"end":{"line":146,"column":44}},{"start":{"line":146,"column":6},"end":{"line":146,"column":44}}]},"11":{"loc":{"start":{"line":161,"column":6},"end":{"line":161,"column":42}},"type":"if","locations":[{"start":{"line":161,"column":6},"end":{"line":161,"column":42}},{"start":{"line":161,"column":6},"end":{"line":161,"column":42}}]},"12":{"loc":{"start":{"line":194,"column":10},"end":{"line":194,"column":14}},"type":"cond-expr","locations":[{"start":{"line":194,"column":10},"end":{"line":194,"column":14}},{"start":{"line":195,"column":10},"end":{"line":200,"column":9}}]}},"s":{"0":1,"1":1,"2":270,"3":270,"4":270,"5":270,"6":249,"7":21,"8":0,"9":21,"10":1,"11":2,"12":2,"13":0,"14":2,"15":2,"16":2,"17":1,"18":21,"19":21,"20":21,"21":1,"22":1,"23":2,"24":2,"25":0,"26":2,"27":2,"28":5,"29":2,"30":2,"31":2,"32":1,"33":21,"34":21,"35":2,"36":2,"37":2,"38":21,"39":2,"40":2,"41":2,"42":2,"43":2,"44":0,"45":2,"46":0,"47":0,"48":0,"49":0,"50":0,"51":0,"52":0,"53":0,"54":0,"55":0,"56":0,"57":0,"58":21},"f":{"0":1,"1":270,"2":1,"3":2,"4":2,"5":2,"6":21,"7":1,"8":2,"9":5,"10":2,"11":0},"b":{"0":[0],"1":[249,21],"2":[270,23],"3":[0,21],"4":[0,2],"5":[2,2],"6":[0,2],"7":[5,2],"8":[2,0],"9":[2,2],"10":[0,2],"11":[0,0],"12":[0,0]}}
,"/home/han/Documents/postgraphile-connection-filter-polymorphic/src/pgDefinePolymorphicCustomPlugin.ts": {"path":"/home/han/Documents/postgraphile-connection-filter-polymorphic/src/pgDefinePolymorphicCustomPlugin.ts","statementMap":{"0":{"start":{"line":22,"column":13},"end":{"line":70,"column":2}},"1":{"start":{"line":24,"column":2},"end":{"line":29,"column":6}},"2":{"start":{"line":24,"column":43},"end":{"line":28,"column":null}},"3":{"start":{"line":27,"column":6},"end":{"line":27,"column":85}},"4":{"start":{"line":30,"column":2},"end":{"line":69,"column":5}},"5":{"start":{"line":35,"column":8},"end":{"line":35,"column":13}},"6":{"start":{"line":37,"column":31},"end":{"line":37,"column":45}},"7":{"start":{"line":38,"column":84},"end":{"line":60,"column":12}},"8":{"start":{"line":39,"column":19},"end":{"line":39,"column":77}},"9":{"start":{"line":41,"column":57},"end":{"line":41,"column":94}},"10":{"start":{"line":43,"column":42},"end":{"line":43,"column":75}},"11":{"start":{"line":44,"column":31},"end":{"line":47,"column":10}},"12":{"start":{"line":46,"column":10},"end":{"line":46,"column":84}},"13":{"start":{"line":48,"column":39},"end":{"line":57,"column":10}},"14":{"start":{"line":49,"column":57},"end":{"line":49,"column":66}},"15":{"start":{"line":50,"column":33},"end":{"line":50,"column":67}},"16":{"start":{"line":51,"column":61},"end":{"line":55,"column":12}},"17":{"start":{"line":56,"column":10},"end":{"line":56,"column":35}},"18":{"start":{"line":59,"column":8},"end":{"line":59,"column":51}},"19":{"start":{"line":62,"column":54},"end":{"line":64,"column":6}},"20":{"start":{"line":66,"column":4},"end":{"line":68,"column":7}}},"fnMap":{"0":{"name":"(anonymous_0)","decl":{"start":{"line":22,"column":39},"end":{"line":22,"column":40}},"loc":{"start":{"line":22,"column":84},"end":{"line":70,"column":1}}},"1":{"name":"(anonymous_1)","decl":{"start":{"line":24,"column":29},"end":{"line":24,"column":39}},"loc":{"start":{"line":24,"column":43},"end":{"line":28,"column":null}}},"2":{"name":"(anonymous_2)","decl":{"start":{"line":26,"column":4},"end":{"line":26,"column":32}},"loc":{"start":{"line":26,"column":63},"end":{"line":28,"column":5}}},"3":{"name":"(anonymous_3)","decl":{"start":{"line":30,"column":24},"end":{"line":30,"column":25}},"loc":{"start":{"line":30,"column":34},"end":{"line":69,"column":3}}},"4":{"name":"(anonymous_4)","decl":{"start":{"line":39,"column":14},"end":{"line":39,"column":15}},"loc":{"start":{"line":39,"column":19},"end":{"line":39,"column":77}}},"5":{"name":"(anonymous_5)","decl":{"start":{"line":40,"column":14},"end":{"line":40,"column":15}},"loc":{"start":{"line":40,"column":32},"end":{"line":60,"column":7}}},"6":{"name":"(anonymous_6)","decl":{"start":{"line":44,"column":64},"end":{"line":44,"column":65}},"loc":{"start":{"line":44,"column":78},"end":{"line":47,"column":9}}},"7":{"name":"(anonymous_7)","decl":{"start":{"line":48,"column":58},"end":{"line":48,"column":59}},"loc":{"start":{"line":48,"column":72},"end":{"line":57,"column":9}}}},"branchMap":{"0":{"loc":{"start":{"line":34,"column":42},"end":{"line":34,"column":44}},"type":"default-arg","locations":[{"start":{"line":34,"column":42},"end":{"line":34,"column":44}}]},"1":{"loc":{"start":{"line":37,"column":24},"end":{"line":37,"column":26}},"type":"default-arg","locations":[{"start":{"line":37,"column":24},"end":{"line":37,"column":26}}]},"2":{"loc":{"start":{"line":39,"column":19},"end":{"line":39,"column":54}},"type":"binary-expr","locations":[{"start":{"line":39,"column":19},"end":{"line":39,"column":54}},{"start":{"line":39,"column":58},"end":{"line":39,"column":77}}]},"3":{"loc":{"start":{"line":46,"column":17},"end":{"line":46,"column":49}},"type":"binary-expr","locations":[{"start":{"line":46,"column":17},"end":{"line":46,"column":49}},{"start":{"line":46,"column":53},"end":{"line":46,"column":83}}]},"4":{"loc":{"start":{"line":49,"column":48},"end":{"line":49,"column":50}},"type":"default-arg","locations":[{"start":{"line":49,"column":48},"end":{"line":49,"column":50}}]}},"s":{"0":1,"1":1,"2":1,"3":2,"4":1,"5":1,"6":1,"7":1,"8":440,"9":22,"10":22,"11":22,"12":134,"13":22,"14":1,"15":1,"16":1,"17":1,"18":22,"19":1,"20":1},"f":{"0":1,"1":1,"2":2,"3":1,"4":440,"5":22,"6":134,"7":1},"b":{"0":[1],"1":[0],"2":[440,23],"3":[134,1],"4":[0]}}
,"/home/han/Documents/postgraphile-connection-filter-polymorphic/src/pgDefineTableToModelMapPlugin.ts": {"path":"/home/han/Documents/postgraphile-connection-filter-polymorphic/src/pgDefineTableToModelMapPlugin.ts","statementMap":{"0":{"start":{"line":17,"column":13},"end":{"line":50,"column":2}},"1":{"start":{"line":18,"column":2},"end":{"line":49,"column":5}},"2":{"start":{"line":23,"column":8},"end":{"line":23,"column":13}},"3":{"start":{"line":25,"column":39},"end":{"line":47,"column":10}},"4":{"start":{"line":26,"column":6},"end":{"line":29,"column":null}},"5":{"start":{"line":28,"column":8},"end":{"line":28,"column":19}},"6":{"start":{"line":30,"column":51},"end":{"line":35,"column":14}},"7":{"start":{"line":30,"column":73},"end":{"line":30,"column":106}},"8":{"start":{"line":32,"column":20},"end":{"line":32,"column":78}},"9":{"start":{"line":33,"column":10},"end":{"line":33,"column":19}},"10":{"start":{"line":34,"column":10},"end":{"line":34,"column":19}},"11":{"start":{"line":37,"column":48},"end":{"line":44,"column":8}},"12":{"start":{"line":41,"column":10},"end":{"line":41,"column":59}},"13":{"start":{"line":42,"column":10},"end":{"line":42,"column":24}},"14":{"start":{"line":45,"column":6},"end":{"line":45,"column":60}},"15":{"start":{"line":46,"column":6},"end":{"line":46,"column":17}},"16":{"start":{"line":48,"column":4},"end":{"line":48,"column":68}}},"fnMap":{"0":{"name":"(anonymous_0)","decl":{"start":{"line":17,"column":42},"end":{"line":17,"column":43}},"loc":{"start":{"line":17,"column":69},"end":{"line":50,"column":1}}},"1":{"name":"(anonymous_1)","decl":{"start":{"line":18,"column":24},"end":{"line":18,"column":25}},"loc":{"start":{"line":18,"column":34},"end":{"line":49,"column":3}}},"2":{"name":"(anonymous_2)","decl":{"start":{"line":25,"column":56},"end":{"line":25,"column":57}},"loc":{"start":{"line":25,"column":69},"end":{"line":47,"column":5}}},"3":{"name":"(anonymous_3)","decl":{"start":{"line":30,"column":68},"end":{"line":30,"column":69}},"loc":{"start":{"line":30,"column":73},"end":{"line":30,"column":106}}},"4":{"name":"(anonymous_4)","decl":{"start":{"line":31,"column":16},"end":{"line":31,"column":17}},"loc":{"start":{"line":31,"column":25},"end":{"line":35,"column":9}}},"5":{"name":"(anonymous_5)","decl":{"start":{"line":40,"column":45},"end":{"line":40,"column":46}},"loc":{"start":{"line":40,"column":90},"end":{"line":43,"column":9}}}},"branchMap":{"0":{"loc":{"start":{"line":26,"column":6},"end":{"line":29,"column":null}},"type":"if","locations":[{"start":{"line":26,"column":6},"end":{"line":29,"column":null}},{"start":{"line":26,"column":6},"end":{"line":29,"column":null}}]},"1":{"loc":{"start":{"line":26,"column":10},"end":{"line":26,"column":44}},"type":"binary-expr","locations":[{"start":{"line":26,"column":10},"end":{"line":26,"column":44}},{"start":{"line":26,"column":48},"end":{"line":26,"column":90}}]}},"s":{"0":1,"1":1,"2":1,"3":1,"4":440,"5":188,"6":252,"7":3024,"8":7,"9":7,"10":7,"11":252,"12":2501,"13":2501,"14":252,"15":252,"16":1},"f":{"0":1,"1":1,"2":440,"3":3024,"4":7,"5":2501},"b":{"0":[188,252],"1":[440,319]}}
}
