TN:
SF:/home/han/Documents/postgraphile-connection-filter-polymorphic/__tests__/helpers.js
FN:8,readFilePromise
FN:9,(anonymous_1)
FN:10,(anonymous_2)
FN:17,(anonymous_3)
FN:45,(anonymous_4)
FN:46,(anonymous_5)
FN:56,(anonymous_6)
FN:60,(anonymous_7)
FN:65,(anonymous_8)
FN:90,(anonymous_9)
FN:96,(anonymous_10)
FN:102,(anonymous_11)
FN:116,(anonymous_12)
FNF:13
FNH:1
FNDA:0,readFilePromise
FNDA:0,(anonymous_1)
FNDA:0,(anonymous_2)
FNDA:3,(anonymous_3)
FNDA:0,(anonymous_4)
FNDA:0,(anonymous_5)
FNDA:0,(anonymous_6)
FNDA:0,(anonymous_7)
FNDA:0,(anonymous_8)
FNDA:0,(anonymous_9)
FNDA:0,(anonymous_10)
FNDA:0,(anonymous_11)
FNDA:0,(anonymous_12)
DA:1,2
DA:2,2
DA:3,2
DA:6,2
DA:9,0
DA:10,0
DA:11,0
DA:12,0
DA:17,2
DA:18,3
DA:19,3
DA:20,3
DA:23,3
DA:25,3
DA:26,3
DA:28,3
DA:29,3
DA:31,3
DA:33,3
DA:34,3
DA:36,3
DA:37,3
DA:39,0
DA:41,3
DA:45,2
DA:46,0
DA:47,0
DA:48,0
DA:49,0
DA:51,0
DA:56,2
DA:60,2
DA:61,0
DA:62,0
DA:65,2
DA:66,0
DA:67,0
DA:69,0
DA:70,0
DA:71,0
DA:74,0
DA:75,0
DA:77,0
DA:79,0
DA:80,0
DA:82,0
DA:83,0
DA:85,0
DA:86,0
DA:90,2
DA:91,0
DA:92,0
DA:96,0
DA:97,0
DA:98,0
DA:100,0
DA:101,0
DA:102,0
DA:103,0
DA:104,0
DA:105,0
DA:107,0
DA:108,0
DA:110,0
DA:111,0
DA:112,0
DA:116,2
DA:117,0
DA:118,0
DA:120,0
DA:121,0
DA:124,2
DA:125,2
DA:126,2
LF:74
LH:28
BRDA:11,0,0,0
BRDA:11,0,1,0
BRDA:18,1,0,3
BRDA:18,1,1,0
BRDA:66,2,0,0
BRDA:66,2,1,0
BRDA:70,3,0,0
BRDA:70,3,1,0
BRDA:82,4,0,0
BRDA:82,4,1,0
BRDA:85,5,0,0
BRDA:85,5,1,0
BRDA:91,6,0,0
BRDA:91,6,1,0
BRDA:117,7,0,0
BRDA:117,7,1,0
BRF:16
BRH:1
end_of_record
TN:
SF:/home/han/Documents/postgraphile-connection-filter-polymorphic/__tests__/printSchemaOrdered.js
FN:4,printSchemaOrdered
FN:9,(anonymous_1)
FN:16,(anonymous_2)
FN:25,(anonymous_3)
FN:32,(anonymous_4)
FNF:5
FNH:5
FNDA:1,printSchemaOrdered
FNDA:140,(anonymous_1)
FNDA:476,(anonymous_2)
FNDA:339,(anonymous_3)
FNDA:1251,(anonymous_4)
DA:1,1
DA:2,1
DA:4,1
DA:6,1
DA:8,1
DA:9,1
DA:10,140
DA:13,140
DA:14,97
DA:15,97
DA:16,97
DA:17,476
DA:20,476
DA:21,476
DA:24,476
DA:25,476
DA:31,140
DA:32,1251
DA:36,1
LF:19
LH:19
BRDA:13,0,0,97
BRDA:13,0,1,43
BRDA:24,1,0,476
BRDA:24,1,1,0
BRDA:31,2,0,24
BRDA:31,2,1,116
BRF:6
BRH:5
end_of_record
TN:
SF:/home/han/Documents/postgraphile-connection-filter-polymorphic/__tests__/integration/schema/core.js
FN:5,(anonymous_0)
FN:5,(anonymous_1)
FN:6,(anonymous_2)
FNF:3
FNH:3
FNDA:1,(anonymous_0)
FNDA:1,(anonymous_1)
FNDA:1,(anonymous_2)
DA:1,1
DA:2,1
DA:3,1
DA:5,1
DA:6,1
DA:7,1
DA:8,0
DA:9,0
DA:11,0
DA:14,1
DA:15,1
LF:11
LH:8
BRDA:7,0,0,0
BRDA:7,0,1,1
BRDA:8,1,0,0
BRDA:8,1,1,0
BRF:4
BRH:1
end_of_record
TN:
SF:/home/han/Documents/postgraphile-connection-filter-polymorphic/src/index.ts
FNF:0
FNH:0
DA:1,1
DA:2,1
DA:3,1
DA:4,1
LF:4
LH:4
BRF:0
BRH:0
end_of_record
TN:
SF:/home/han/Documents/postgraphile-connection-filter-polymorphic/src/pgConnectionArgFilterBackwardPolyRelationPlugin.ts
FN:13,(anonymous_0)
FN:15,(anonymous_1)
FN:17,(anonymous_2)
FN:23,(anonymous_3)
FN:60,(anonymous_4)
FN:63,(anonymous_5)
FN:78,(anonymous_6)
FN:82,(anonymous_7)
FN:89,(anonymous_8)
FN:90,(anonymous_9)
FN:110,(anonymous_10)
FN:192,resolveSingle
FN:233,makeResolveMany
FN:234,resolveMany
FN:256,(anonymous_14)
FN:319,(anonymous_15)
FNF:16
FNH:11
FNDA:1,(anonymous_0)
FNDA:1,(anonymous_1)
FNDA:2,(anonymous_2)
FNDA:270,(anonymous_3)
FNDA:21,(anonymous_4)
FNDA:2,(anonymous_5)
FNDA:5,(anonymous_6)
FNDA:72,(anonymous_7)
FNDA:0,(anonymous_8)
FNDA:0,(anonymous_9)
FNDA:2,(anonymous_10)
FNDA:0,resolveSingle
FNDA:2,makeResolveMany
FNDA:0,resolveMany
FNDA:270,(anonymous_14)
FNDA:0,(anonymous_15)
DA:13,1
DA:15,1
DA:18,2
DA:21,1
DA:22,1
DA:23,1
DA:39,270
DA:44,270
DA:46,270
DA:47,21
DA:48,0
DA:54,21
DA:55,21
DA:57,21
DA:59,21
DA:60,21
DA:67,2
DA:68,2
DA:69,0
DA:74,2
DA:75,0
DA:77,2
DA:78,5
DA:80,2
DA:81,2
DA:82,2
DA:83,72
DA:85,2
DA:87,0
DA:89,0
DA:90,0
DA:91,0
DA:93,2
DA:97,2
DA:105,2
DA:108,21
DA:110,21
DA:112,2
DA:129,2
DA:133,2
DA:136,21
DA:137,2
DA:138,2
DA:139,2
DA:140,2
DA:146,2
DA:148,2
DA:149,2
DA:150,2
DA:151,2
DA:152,2
DA:166,2
DA:167,2
DA:179,0
DA:193,0
DA:200,0
DA:202,0
DA:203,0
DA:204,0
DA:208,0
DA:209,0
DA:210,0
DA:211,0
DA:213,0
DA:220,0
DA:222,0
DA:228,0
DA:234,2
DA:235,0
DA:237,0
DA:239,0
DA:240,0
DA:250,0
DA:253,21
DA:256,1
DA:266,270
DA:271,270
DA:273,270
DA:275,2
DA:277,2
DA:278,2
DA:279,2
DA:286,2
DA:319,2
DA:320,0
DA:325,0
DA:326,0
DA:327,0
DA:328,0
DA:329,0
DA:330,0
DA:332,0
DA:339,0
DA:342,0
DA:348,0
DA:349,0
DA:351,0
DA:352,0
DA:354,0
DA:355,0
DA:357,0
DA:358,0
DA:360,0
DA:363,2
DA:364,6
DA:367,2
LF:106
LH:61
BRDA:38,0,0,0
BRDA:46,1,0,249
BRDA:46,1,1,21
BRDA:46,2,0,270
BRDA:46,2,1,23
BRDA:47,3,0,0
BRDA:47,3,1,21
BRDA:68,4,0,0
BRDA:68,4,1,2
BRDA:74,5,0,0
BRDA:74,5,1,2
BRDA:78,6,0,5
BRDA:78,6,1,2
BRDA:83,7,0,70
BRDA:83,7,1,2
BRDA:85,8,0,2
BRDA:85,8,1,0
BRDA:87,9,0,0
BRDA:87,9,1,0
BRDA:89,10,0,0
BRDA:89,10,1,0
BRDA:90,11,0,0
BRDA:90,11,1,0
BRDA:93,12,0,0
BRDA:93,12,1,2
BRDA:146,13,0,0
BRDA:146,13,1,2
BRDA:148,14,0,2
BRDA:148,14,1,0
BRDA:149,15,0,2
BRDA:149,15,1,0
BRDA:151,16,0,2
BRDA:151,16,1,0
BRDA:193,17,0,0
BRDA:193,17,1,0
BRDA:229,18,0,0
BRDA:229,18,1,0
BRDA:235,19,0,0
BRDA:235,19,1,0
BRDA:250,20,0,0
BRDA:250,20,1,0
BRDA:273,21,0,268
BRDA:273,21,1,2
BRDA:273,22,0,270
BRDA:273,22,1,2
BRDA:320,23,0,0
BRDA:320,23,1,0
BRDA:348,24,0,0
BRDA:348,24,1,0
BRDA:351,25,0,0
BRDA:351,25,1,0
BRDA:354,26,0,0
BRDA:354,26,1,0
BRDA:357,27,0,0
BRDA:357,27,1,0
BRF:55
BRH:21
end_of_record
TN:
SF:/home/han/Documents/postgraphile-connection-filter-polymorphic/src/pgConnectionArgFilterForwardPolyRelationPlugin.ts
FN:11,(anonymous_0)
FN:19,(anonymous_1)
FN:50,(anonymous_2)
FN:52,(anonymous_3)
FN:59,(anonymous_4)
FN:62,(anonymous_5)
FN:73,(anonymous_6)
FN:74,(anonymous_7)
FN:83,(anonymous_8)
FN:88,(anonymous_9)
FN:109,(anonymous_10)
FN:160,resolve
FNF:12
FNH:11
FNDA:1,(anonymous_0)
FNDA:270,(anonymous_1)
FNDA:1,(anonymous_2)
FNDA:2,(anonymous_3)
FNDA:2,(anonymous_4)
FNDA:2,(anonymous_5)
FNDA:21,(anonymous_6)
FNDA:1,(anonymous_7)
FNDA:2,(anonymous_8)
FNDA:5,(anonymous_9)
FNDA:2,(anonymous_10)
FNDA:0,resolve
DA:11,1
DA:19,1
DA:34,270
DA:39,270
DA:40,270
DA:42,270
DA:43,21
DA:44,0
DA:50,21
DA:51,1
DA:53,2
DA:54,2
DA:55,0
DA:57,2
DA:60,2
DA:63,2
DA:65,1
DA:68,21
DA:72,21
DA:73,21
DA:75,1
DA:82,1
DA:84,2
DA:85,2
DA:86,2
DA:87,2
DA:88,5
DA:90,2
DA:91,2
DA:100,2
DA:104,1
DA:107,21
DA:109,21
DA:111,2
DA:128,2
DA:132,2
DA:135,21
DA:136,2
DA:138,2
DA:139,2
DA:140,2
DA:146,2
DA:148,2
DA:161,0
DA:167,0
DA:169,0
DA:170,0
DA:171,0
DA:172,0
DA:174,0
DA:177,0
DA:184,0
DA:186,0
DA:193,0
DA:203,21
LF:55
LH:42
BRDA:33,0,0,0
BRDA:42,1,0,249
BRDA:42,1,1,21
BRDA:42,2,0,270
BRDA:42,2,1,23
BRDA:43,3,0,0
BRDA:43,3,1,21
BRDA:54,4,0,0
BRDA:54,4,1,2
BRDA:60,5,0,2
BRDA:60,5,1,2
BRDA:85,6,0,0
BRDA:85,6,1,2
BRDA:88,7,0,5
BRDA:88,7,1,2
BRDA:90,8,0,2
BRDA:90,8,1,0
BRDA:90,9,0,2
BRDA:90,9,1,2
BRDA:146,10,0,0
BRDA:146,10,1,2
BRDA:161,11,0,0
BRDA:161,11,1,0
BRDA:194,12,0,0
BRDA:194,12,1,0
BRF:25
BRH:15
end_of_record
TN:
SF:/home/han/Documents/postgraphile-connection-filter-polymorphic/src/pgDefinePolymorphicCustomPlugin.ts
FN:22,(anonymous_0)
FN:24,(anonymous_1)
FN:26,(anonymous_2)
FN:30,(anonymous_3)
FN:39,(anonymous_4)
FN:40,(anonymous_5)
FN:44,(anonymous_6)
FN:48,(anonymous_7)
FNF:8
FNH:8
FNDA:1,(anonymous_0)
FNDA:1,(anonymous_1)
FNDA:2,(anonymous_2)
FNDA:1,(anonymous_3)
FNDA:440,(anonymous_4)
FNDA:22,(anonymous_5)
FNDA:134,(anonymous_6)
FNDA:1,(anonymous_7)
DA:22,1
DA:24,1
DA:27,2
DA:30,1
DA:35,1
DA:37,1
DA:38,1
DA:39,440
DA:41,22
DA:43,22
DA:44,22
DA:46,134
DA:48,22
DA:49,1
DA:50,1
DA:51,1
DA:56,1
DA:59,22
DA:62,1
DA:66,1
LF:20
LH:20
BRDA:34,0,0,1
BRDA:37,1,0,0
BRDA:39,2,0,440
BRDA:39,2,1,23
BRDA:46,3,0,134
BRDA:46,3,1,1
BRDA:49,4,0,0
BRF:7
BRH:5
end_of_record
TN:
SF:/home/han/Documents/postgraphile-connection-filter-polymorphic/src/pgDefineTableToModelMapPlugin.ts
FN:17,(anonymous_0)
FN:18,(anonymous_1)
FN:25,(anonymous_2)
FN:30,(anonymous_3)
FN:31,(anonymous_4)
FN:40,(anonymous_5)
FNF:6
FNH:6
FNDA:1,(anonymous_0)
FNDA:1,(anonymous_1)
FNDA:440,(anonymous_2)
FNDA:3024,(anonymous_3)
FNDA:7,(anonymous_4)
FNDA:2501,(anonymous_5)
DA:17,1
DA:18,1
DA:23,1
DA:25,1
DA:26,440
DA:28,188
DA:30,3024
DA:32,7
DA:33,7
DA:34,7
DA:37,252
DA:41,2501
DA:42,2501
DA:45,252
DA:46,252
DA:48,1
LF:16
LH:16
BRDA:26,0,0,188
BRDA:26,0,1,252
BRDA:26,1,0,440
BRDA:26,1,1,319
BRF:4
BRH:4
end_of_record
